('OpenCV ', '3.2.0')
data/bu/sad2.png
0.999935
[1001, 1663, 69, 154]
[923, 1664, 69, 154]
[1078, 1664, 69, 154]
[692, 1666, 69, 154]
[846, 1666, 69, 154]
[300, 1667, 69, 154]
[377, 1667, 69, 154]
[459, 1667, 69, 154]
[617, 1667, 69, 154]
[538, 1668, 69, 154]
[769, 1668, 69, 154]
11
- - - - - - - - - - - - - - -
data/bu/lub-ana.png
0.999885
[1745, 1660, 75, 136]
[1845, 1666, 75, 136]
[1595, 2010, 75, 136]
[1694, 2012, 75, 136]
[1792, 2015, 75, 136]
5
- - - - - - - - - - - - - - -
data/bu/dar-kub.png
0.732683
[291, 1980, 63, 136]
[219, 1989, 63, 136]
[77, 1993, 63, 136]
[144, 1994, 63, 136]
4
- - - - - - - - - - - - - - -
data/bu/lub-ana2.png
0.999922
[1622, 1277, 87, 192]
[1734, 1279, 87, 192]
[1833, 1279, 87, 192]
[1639, 1640, 87, 192]
4
- - - - - - - - - - - - - - -
data/bu/dobry.png
0.999932
[311, 1241, 115, 206]
[1318, 1241, 115, 206]
[191, 1242, 115, 206]
[432, 1242, 115, 206]
[555, 1243, 115, 206]
[679, 1243, 115, 206]
[1190, 1243, 115, 206]
[1450, 1243, 115, 206]
[803, 1244, 115, 206]
[1062, 1245, 115, 206]
[934, 1247, 115, 206]
11
- - - - - - - - - - - - - - -
data/bu/dob-zel.png
0.999938
[1351, 912, 80, 186]
[1261, 914, 80, 186]
[1078, 916, 80, 186]
[1170, 916, 80, 186]
[989, 918, 80, 186]
[902, 919, 80, 186]
[535, 920, 80, 186]
[805, 920, 80, 186]
[622, 921, 80, 186]
[711, 921, 80, 186]
10
- - - - - - - - - - - - - - -
data/bu/j7-zel.png
0.999877
[833, 200, 74, 198]
[749, 204, 74, 198]
[580, 207, 74, 198]
[664, 207, 74, 198]
[490, 208, 74, 198]
[405, 212, 74, 198]
[323, 215, 74, 198]
[242, 219, 74, 198]
8
- - - - - - - - - - - - - - -
data/bu/ok-bel.png
0.999815
[1786, 176, 91, 216]
[1672, 181, 91, 216]
2
- - - - - - - - - - - - - - -
data/bu/sem-zel.png
0.930782
[55, 1629, 101, 178]
[172, 1636, 101, 178]
2
- - - - - - - - - - - - - - -
data/bu/j7-org.png
0.999822
[159, 210, 66, 197]
[73, 213, 66, 197]
2
- - - - - - - - - - - - - - -
data/bu/ja-che.png
0.999972
[1540, 525, 68, 232]
[1450, 526, 68, 232]
[1357, 531, 68, 232]
[1267, 533, 68, 232]
[1170, 538, 68, 232]
[1086, 539, 68, 232]
[1001, 541, 68, 232]
[911, 542, 68, 232]
[821, 545, 68, 232]
[289, 546, 68, 232]
[738, 546, 68, 232]
[643, 547, 68, 232]
[478, 548, 68, 232]
[384, 549, 68, 232]
[562, 549, 68, 232]
[212, 550, 68, 232]
16
- - - - - - - - - - - - - - -
data/bu/sad1.png
0.999924
[1558, 1654, 70, 155]
[1476, 1655, 70, 155]
[1397, 1657, 70, 155]
[1157, 1661, 70, 155]
[1239, 1661, 70, 155]
[1319, 1661, 70, 155]
[1077, 1664, 70, 155]
[427, 2006, 70, 155]
[804, 2009, 70, 155]
[351, 2010, 70, 155]
[650, 2010, 70, 155]
[879, 2010, 70, 155]
[575, 2011, 70, 155]
[726, 2011, 70, 155]
[954, 2014, 70, 155]
[1033, 2015, 70, 155]
[1494, 2015, 70, 155]
[1107, 2017, 70, 155]
[1183, 2017, 70, 155]
[1260, 2018, 70, 155]
[1337, 2019, 70, 155]
[1414, 2019, 70, 155]
22
- - - - - - - - - - - - - - -
data/bu/lub-kr.png
0.851189
[107, 897, 95, 202]
1
- - - - - - - - - - - - - - -
data/bu/ri-bel.png
0.999899
[1593, 146, 74, 248]
[1506, 150, 74, 248]
[1422, 152, 74, 248]
[1337, 154, 74, 248]
[1252, 155, 74, 248]
[1169, 160, 74, 248]
[1085, 162, 74, 248]
[1001, 168, 74, 248]
[919, 172, 74, 248]
9
- - - - - - - - - - - - - - -
